{"uuid":"9ff3ad91-b40a-46aa-8fac-1826406f9378","historyId":"80ffcd6c4388409f25ac9d1d7286428f","fullName":"org.olms_testselenium.Script.ClassesPageTest.modifyGeneralInformation","labels":[{"name":"package","value":"org.olms_testselenium.Script.ClassesPageTest"},{"name":"testClass","value":"org.olms_testselenium.Script.ClassesPageTest"},{"name":"testMethod","value":"modifyGeneralInformation"},{"name":"parentSuite","value":"Default Suite"},{"name":"suite","value":"OLMS_Test-Selenium"},{"name":"subSuite","value":"org.olms_testselenium.Script.ClassesPageTest"},{"name":"host","value":"Admin"},{"name":"thread","value":"32564@Admin.main(1)"},{"name":"framework","value":"testng"},{"name":"language","value":"java"}],"links":[],"name":"modifyGeneralInformation","status":"broken","statusDetails":{"known":false,"muted":false,"flaky":false,"message":"java.lang.IllegalArgumentException: Keys to send should be a not null CharSequence","trace":"java.lang.RuntimeException: java.lang.IllegalArgumentException: Keys to send should be a not null CharSequence\r\n\tat org.olms_testselenium.POM.ClassesPage.click_BtnClassByNameByFunction(ClassesPage.java:75)\r\n\tat org.olms_testselenium.Script.ClassesPageTest.modifyGeneralInformation(ClassesPageTest.java:67)\r\n\tat java.base/jdk.internal.reflect.DirectMethodHandleAccessor.invoke(DirectMethodHandleAccessor.java:103)\r\n\tat java.base/java.lang.reflect.Method.invoke(Method.java:580)\r\n\tat org.testng.internal.invokers.MethodInvocationHelper.invokeMethod(MethodInvocationHelper.java:141)\r\n\tat org.testng.internal.invokers.TestInvoker.invokeMethod(TestInvoker.java:686)\r\n\tat org.testng.internal.invokers.TestInvoker.invokeTestMethod(TestInvoker.java:230)\r\n\tat org.testng.internal.invokers.MethodRunner.runInSequence(MethodRunner.java:63)\r\n\tat org.testng.internal.invokers.TestInvoker$MethodInvocationAgent.invoke(TestInvoker.java:992)\r\n\tat org.testng.internal.invokers.TestInvoker.invokeTestMethods(TestInvoker.java:203)\r\n\tat org.testng.internal.invokers.TestMethodWorker.invokeTestMethods(TestMethodWorker.java:154)\r\n\tat org.testng.internal.invokers.TestMethodWorker.run(TestMethodWorker.java:134)\r\n\tat java.base/java.util.ArrayList.forEach(ArrayList.java:1596)\r\n\tat org.testng.TestRunner.privateRun(TestRunner.java:739)\r\n\tat org.testng.TestRunner.run(TestRunner.java:614)\r\n\tat org.testng.SuiteRunner.runTest(SuiteRunner.java:421)\r\n\tat org.testng.SuiteRunner.runSequentially(SuiteRunner.java:413)\r\n\tat org.testng.SuiteRunner.privateRun(SuiteRunner.java:373)\r\n\tat org.testng.SuiteRunner.run(SuiteRunner.java:312)\r\n\tat org.testng.SuiteRunnerWorker.runSuite(SuiteRunnerWorker.java:52)\r\n\tat org.testng.SuiteRunnerWorker.run(SuiteRunnerWorker.java:95)\r\n\tat org.testng.TestNG.runSuitesSequentially(TestNG.java:1274)\r\n\tat org.testng.TestNG.runSuitesLocally(TestNG.java:1208)\r\n\tat org.testng.TestNG.runSuites(TestNG.java:1112)\r\n\tat org.testng.TestNG.run(TestNG.java:1079)\r\n\tat com.intellij.rt.testng.IDEARemoteTestNG.run(IDEARemoteTestNG.java:65)\r\n\tat com.intellij.rt.testng.RemoteTestNGStarter.main(RemoteTestNGStarter.java:105)\r\nCaused by: java.lang.IllegalArgumentException: Keys to send should be a not null CharSequence\r\n\tat org.openqa.selenium.remote.RemoteWebElement.sendKeys(RemoteWebElement.java:92)\r\n\tat org.olms_testselenium.POM.ClassesPage.click_BtnClassByNameByFunction(ClassesPage.java:69)\r\n\t... 26 more\r\n"},"stage":"finished","steps":[],"attachments":[],"parameters":[],"start":1743510390971,"stop":1743510392479}