{"uuid":"b02015f7-c8ab-42dd-80a3-119e07408324","historyId":"80ffcd6c4388409f25ac9d1d7286428f","fullName":"org.olms_testselenium.Script.ClassesPageTest.modifyGeneralInformation","labels":[{"name":"package","value":"org.olms_testselenium.Script.ClassesPageTest"},{"name":"testClass","value":"org.olms_testselenium.Script.ClassesPageTest"},{"name":"testMethod","value":"modifyGeneralInformation"},{"name":"parentSuite","value":"Default Suite"},{"name":"suite","value":"OLMS_Test-Selenium"},{"name":"subSuite","value":"org.olms_testselenium.Script.ClassesPageTest"},{"name":"host","value":"Admin"},{"name":"thread","value":"27500@Admin.main(1)"},{"name":"framework","value":"testng"},{"name":"language","value":"java"}],"links":[],"name":"modifyGeneralInformation","status":"broken","statusDetails":{"known":false,"muted":false,"flaky":false,"message":"org.openqa.selenium.interactions.MoveTargetOutOfBoundsException: Move target (1818, 966) is out of bounds of viewport dimensions (1920, 947)\nBuild info: version: '4.26.0', revision: '8ccf0219d7'\nSystem info: os.name: 'Windows 11', os.arch: 'amd64', os.version: '10.0', java.version: '21.0.6'\nDriver info: org.openqa.selenium.firefox.FirefoxDriver\nCommand: [dd276dcb-2429-4032-96ca-ea2a3049bbce, actions {actions=[org.openqa.selenium.interactions.Sequence@76cdafa3, org.openqa.selenium.interactions.Sequence@6b27b2d0]}]\nCapabilities {acceptInsecureCerts: true, browserName: firefox, browserVersion: 136.0.4, moz:accessibilityChecks: false, moz:buildID: 20250326231000, moz:debuggerAddress: 127.0.0.1:15408, moz:geckodriverVersion: 0.36.0, moz:headless: false, moz:platformVersion: 10.0, moz:processID: 6572, moz:profile: C:\\Users\\hthuy\\AppData\\Loca..., moz:shutdownTimeout: 60000, moz:webdriverClick: true, moz:windowless: false, pageLoadStrategy: normal, platformName: windows, proxy: Proxy(), se:cdp: ws://127.0.0.1:15408/devtoo..., se:cdpVersion: 85.0, setWindowRect: true, strictFileInteractability: false, timeouts: {implicit: 0, pageLoad: 300000, script: 30000}, unhandledPromptBehavior: dismiss and notify, userAgent: Mozilla/5.0 (Windows NT 10....}\nSession ID: dd276dcb-2429-4032-96ca-ea2a3049bbce","trace":"java.lang.RuntimeException: org.openqa.selenium.interactions.MoveTargetOutOfBoundsException: Move target (1818, 966) is out of bounds of viewport dimensions (1920, 947)\nBuild info: version: '4.26.0', revision: '8ccf0219d7'\nSystem info: os.name: 'Windows 11', os.arch: 'amd64', os.version: '10.0', java.version: '21.0.6'\nDriver info: org.openqa.selenium.firefox.FirefoxDriver\nCommand: [dd276dcb-2429-4032-96ca-ea2a3049bbce, actions {actions=[org.openqa.selenium.interactions.Sequence@76cdafa3, org.openqa.selenium.interactions.Sequence@6b27b2d0]}]\nCapabilities {acceptInsecureCerts: true, browserName: firefox, browserVersion: 136.0.4, moz:accessibilityChecks: false, moz:buildID: 20250326231000, moz:debuggerAddress: 127.0.0.1:15408, moz:geckodriverVersion: 0.36.0, moz:headless: false, moz:platformVersion: 10.0, moz:processID: 6572, moz:profile: C:\\Users\\hthuy\\AppData\\Loca..., moz:shutdownTimeout: 60000, moz:webdriverClick: true, moz:windowless: false, pageLoadStrategy: normal, platformName: windows, proxy: Proxy(), se:cdp: ws://127.0.0.1:15408/devtoo..., se:cdpVersion: 85.0, setWindowRect: true, strictFileInteractability: false, timeouts: {implicit: 0, pageLoad: 300000, script: 30000}, unhandledPromptBehavior: dismiss and notify, userAgent: Mozilla/5.0 (Windows NT 10....}\nSession ID: dd276dcb-2429-4032-96ca-ea2a3049bbce\r\n\tat org.olms_testselenium.POM.ClassesPage.click_BtnClassByNameByFunction(ClassesPage.java:79)\r\n\tat org.olms_testselenium.Script.ClassesPageTest.modifyGeneralInformation(ClassesPageTest.java:67)\r\n\tat java.base/jdk.internal.reflect.DirectMethodHandleAccessor.invoke(DirectMethodHandleAccessor.java:103)\r\n\tat java.base/java.lang.reflect.Method.invoke(Method.java:580)\r\n\tat org.testng.internal.invokers.MethodInvocationHelper.invokeMethod(MethodInvocationHelper.java:141)\r\n\tat org.testng.internal.invokers.TestInvoker.invokeMethod(TestInvoker.java:686)\r\n\tat org.testng.internal.invokers.TestInvoker.invokeTestMethod(TestInvoker.java:230)\r\n\tat org.testng.internal.invokers.MethodRunner.runInSequence(MethodRunner.java:63)\r\n\tat org.testng.internal.invokers.TestInvoker$MethodInvocationAgent.invoke(TestInvoker.java:992)\r\n\tat org.testng.internal.invokers.TestInvoker.invokeTestMethods(TestInvoker.java:203)\r\n\tat org.testng.internal.invokers.TestMethodWorker.invokeTestMethods(TestMethodWorker.java:154)\r\n\tat org.testng.internal.invokers.TestMethodWorker.run(TestMethodWorker.java:134)\r\n\tat java.base/java.util.ArrayList.forEach(ArrayList.java:1596)\r\n\tat org.testng.TestRunner.privateRun(TestRunner.java:739)\r\n\tat org.testng.TestRunner.run(TestRunner.java:614)\r\n\tat org.testng.SuiteRunner.runTest(SuiteRunner.java:421)\r\n\tat org.testng.SuiteRunner.runSequentially(SuiteRunner.java:413)\r\n\tat org.testng.SuiteRunner.privateRun(SuiteRunner.java:373)\r\n\tat org.testng.SuiteRunner.run(SuiteRunner.java:312)\r\n\tat org.testng.SuiteRunnerWorker.runSuite(SuiteRunnerWorker.java:52)\r\n\tat org.testng.SuiteRunnerWorker.run(SuiteRunnerWorker.java:95)\r\n\tat org.testng.TestNG.runSuitesSequentially(TestNG.java:1274)\r\n\tat org.testng.TestNG.runSuitesLocally(TestNG.java:1208)\r\n\tat org.testng.TestNG.runSuites(TestNG.java:1112)\r\n\tat org.testng.TestNG.run(TestNG.java:1079)\r\n\tat com.intellij.rt.testng.IDEARemoteTestNG.run(IDEARemoteTestNG.java:65)\r\n\tat com.intellij.rt.testng.RemoteTestNGStarter.main(RemoteTestNGStarter.java:105)\r\nCaused by: org.openqa.selenium.interactions.MoveTargetOutOfBoundsException: Move target (1818, 966) is out of bounds of viewport dimensions (1920, 947)\nBuild info: version: '4.26.0', revision: '8ccf0219d7'\nSystem info: os.name: 'Windows 11', os.arch: 'amd64', os.version: '10.0', java.version: '21.0.6'\nDriver info: org.openqa.selenium.firefox.FirefoxDriver\nCommand: [dd276dcb-2429-4032-96ca-ea2a3049bbce, actions {actions=[org.openqa.selenium.interactions.Sequence@76cdafa3, org.openqa.selenium.interactions.Sequence@6b27b2d0]}]\nCapabilities {acceptInsecureCerts: true, browserName: firefox, browserVersion: 136.0.4, moz:accessibilityChecks: false, moz:buildID: 20250326231000, moz:debuggerAddress: 127.0.0.1:15408, moz:geckodriverVersion: 0.36.0, moz:headless: false, moz:platformVersion: 10.0, moz:processID: 6572, moz:profile: C:\\Users\\hthuy\\AppData\\Loca..., moz:shutdownTimeout: 60000, moz:webdriverClick: true, moz:windowless: false, pageLoadStrategy: normal, platformName: windows, proxy: Proxy(), se:cdp: ws://127.0.0.1:15408/devtoo..., se:cdpVersion: 85.0, setWindowRect: true, strictFileInteractability: false, timeouts: {implicit: 0, pageLoad: 300000, script: 30000}, unhandledPromptBehavior: dismiss and notify, userAgent: Mozilla/5.0 (Windows NT 10....}\nSession ID: dd276dcb-2429-4032-96ca-ea2a3049bbce\r\n\tat java.base/jdk.internal.reflect.DirectConstructorHandleAccessor.newInstance(DirectConstructorHandleAccessor.java:62)\r\n\tat java.base/java.lang.reflect.Constructor.newInstanceWithCaller(Constructor.java:502)\r\n\tat java.base/java.lang.reflect.Constructor.newInstance(Constructor.java:486)\r\n\tat org.openqa.selenium.remote.ErrorCodec.decode(ErrorCodec.java:167)\r\n\tat org.openqa.selenium.remote.codec.w3c.W3CHttpResponseCodec.decode(W3CHttpResponseCodec.java:138)\r\n\tat org.openqa.selenium.remote.codec.w3c.W3CHttpResponseCodec.decode(W3CHttpResponseCodec.java:50)\r\n\tat org.openqa.selenium.remote.HttpCommandExecutor.execute(HttpCommandExecutor.java:190)\r\n\tat org.openqa.selenium.remote.service.DriverCommandExecutor.invokeExecute(DriverCommandExecutor.java:216)\r\n\tat org.openqa.selenium.remote.service.DriverCommandExecutor.execute(DriverCommandExecutor.java:174)\r\n\tat org.openqa.selenium.remote.RemoteWebDriver.execute(RemoteWebDriver.java:545)\r\n\tat org.openqa.selenium.remote.RemoteWebDriver.perform(RemoteWebDriver.java:631)\r\n\tat org.openqa.selenium.interactions.Actions$BuiltAction.perform(Actions.java:613)\r\n\tat org.openqa.selenium.interactions.Actions.perform(Actions.java:578)\r\n\tat org.olms_testselenium.POM.ClassesPage.click_BtnClassByNameByFunction(ClassesPage.java:72)\r\n\t... 26 more\r\n"},"stage":"finished","steps":[],"attachments":[],"parameters":[],"start":1743510110294,"stop":1743510112290}